{"level":"error","message":"Unhandled exception in reading shapes: Method not implemented.","timestamp":"2024-06-17 12:12:58"}
{"level":"info","message":"Read 10 lines from shapes.txt","timestamp":"2024-06-17 12:17:00"}
{"level":"info","message":"Processing line: C 1 0 0 3\r","timestamp":"2024-06-17 12:17:00"}
{"level":"info","message":"Created shape: {\"id\":\"Cube-1\",\"point\":{\"x\":0,\"y\":0},\"origin\":{\"x\":0,\"y\":0},\"edgeLength\":3}","timestamp":"2024-06-17 12:17:00"}
{"level":"info","message":"Processing line: Q 2 0 0 4 2\r","timestamp":"2024-06-17 12:17:00"}
{"level":"info","message":"Created shape: {\"id\":\"2\",\"point\":{\"x\":0,\"y\":0},\"majorAxis\":4,\"minorAxis\":2}","timestamp":"2024-06-17 12:17:00"}
{"level":"info","message":"Processing line: C 3 1 1 5\r","timestamp":"2024-06-17 12:17:00"}
{"level":"info","message":"Created shape: {\"id\":\"Cube-3\",\"point\":{\"x\":1,\"y\":1},\"origin\":{\"x\":1,\"y\":1},\"edgeLength\":5}","timestamp":"2024-06-17 12:17:00"}
{"level":"info","message":"Processing line: Q 4 -1 -1 3 6\r","timestamp":"2024-06-17 12:17:00"}
{"level":"info","message":"Created shape: {\"id\":\"4\",\"point\":{\"x\":-1,\"y\":-1},\"majorAxis\":3,\"minorAxis\":6}","timestamp":"2024-06-17 12:17:00"}
{"level":"info","message":"Processing line: C 5 2 2 4\r","timestamp":"2024-06-17 12:17:00"}
{"level":"info","message":"Created shape: {\"id\":\"Cube-5\",\"point\":{\"x\":2,\"y\":2},\"origin\":{\"x\":2,\"y\":2},\"edgeLength\":4}","timestamp":"2024-06-17 12:17:00"}
{"level":"info","message":"Processing line: Q 6 0 0 5 5\r","timestamp":"2024-06-17 12:17:00"}
{"level":"info","message":"Created shape: {\"id\":\"6\",\"point\":{\"x\":0,\"y\":0},\"majorAxis\":5,\"minorAxis\":5}","timestamp":"2024-06-17 12:17:00"}
{"level":"info","message":"Processing line: C 7 -1 -1 2\r","timestamp":"2024-06-17 12:17:00"}
{"level":"info","message":"Created shape: {\"id\":\"Cube-7\",\"point\":{\"x\":-1,\"y\":-1},\"origin\":{\"x\":-1,\"y\":-1},\"edgeLength\":2}","timestamp":"2024-06-17 12:17:00"}
{"level":"info","message":"Processing line: Q 8 -2 -3 3 4\r","timestamp":"2024-06-17 12:17:00"}
{"level":"info","message":"Created shape: {\"id\":\"8\",\"point\":{\"x\":-2,\"y\":-3},\"majorAxis\":3,\"minorAxis\":4}","timestamp":"2024-06-17 12:17:00"}
{"level":"info","message":"Processing line: C 9 3 3 3\r","timestamp":"2024-06-17 12:17:00"}
{"level":"info","message":"Created shape: {\"id\":\"Cube-9\",\"point\":{\"x\":3,\"y\":3},\"origin\":{\"x\":3,\"y\":3},\"edgeLength\":3}","timestamp":"2024-06-17 12:17:00"}
{"level":"info","message":"Processing line: Q 10 1 1 2 2\r","timestamp":"2024-06-17 12:17:00"}
{"level":"info","message":"Created shape: {\"id\":\"10\",\"point\":{\"x\":1,\"y\":1},\"majorAxis\":2,\"minorAxis\":2}","timestamp":"2024-06-17 12:17:00"}
